Determining if the pthread_create exist failed with the following output:
Change Dir: /home/mustafasezer/catkin_ws/src/tas_car/tas_car_04/simple_navigation_goals-build/CMakeFiles/CMakeTmp

Run Build Command:/usr/bin/make "cmTryCompileExec2471125538/fast"
/usr/bin/make -f CMakeFiles/cmTryCompileExec2471125538.dir/build.make CMakeFiles/cmTryCompileExec2471125538.dir/build
make[1]: Entering directory `/home/mustafasezer/catkin_ws/src/tas_car/tas_car_04/simple_navigation_goals-build/CMakeFiles/CMakeTmp'
/usr/bin/cmake -E cmake_progress_report /home/mustafasezer/catkin_ws/src/tas_car/tas_car_04/simple_navigation_goals-build/CMakeFiles/CMakeTmp/CMakeFiles 1
Building C object CMakeFiles/cmTryCompileExec2471125538.dir/CheckSymbolExists.c.o
/usr/bin/cc    -o CMakeFiles/cmTryCompileExec2471125538.dir/CheckSymbolExists.c.o   -c /home/mustafasezer/catkin_ws/src/tas_car/tas_car_04/simple_navigation_goals-build/CMakeFiles/CMakeTmp/CheckSymbolExists.c
Linking C executable cmTryCompileExec2471125538
/usr/bin/cmake -E cmake_link_script CMakeFiles/cmTryCompileExec2471125538.dir/link.txt --verbose=1
/usr/bin/cc       CMakeFiles/cmTryCompileExec2471125538.dir/CheckSymbolExists.c.o  -o cmTryCompileExec2471125538 -rdynamic 
CMakeFiles/cmTryCompileExec2471125538.dir/CheckSymbolExists.c.o: In function `main':
CheckSymbolExists.c:(.text+0xa): undefined reference to `pthread_create'
collect2: error: ld returned 1 exit status
make[1]: *** [cmTryCompileExec2471125538] Error 1
make[1]: Leaving directory `/home/mustafasezer/catkin_ws/src/tas_car/tas_car_04/simple_navigation_goals-build/CMakeFiles/CMakeTmp'
make: *** [cmTryCompileExec2471125538/fast] Error 2

File /home/mustafasezer/catkin_ws/src/tas_car/tas_car_04/simple_navigation_goals-build/CMakeFiles/CMakeTmp/CheckSymbolExists.c:
/* */
#include <pthread.h>

int main(int argc, char** argv)
{
  (void)argv;
#ifndef pthread_create
  return ((int*)(&pthread_create))[argc];
#else
  (void)argc;
  return 0;
#endif
}

Determining if the function pthread_create exists in the pthreads failed with the following output:
Change Dir: /home/mustafasezer/catkin_ws/src/tas_car/tas_car_04/simple_navigation_goals-build/CMakeFiles/CMakeTmp

Run Build Command:/usr/bin/make "cmTryCompileExec2108472629/fast"
/usr/bin/make -f CMakeFiles/cmTryCompileExec2108472629.dir/build.make CMakeFiles/cmTryCompileExec2108472629.dir/build
make[1]: Entering directory `/home/mustafasezer/catkin_ws/src/tas_car/tas_car_04/simple_navigation_goals-build/CMakeFiles/CMakeTmp'
/usr/bin/cmake -E cmake_progress_report /home/mustafasezer/catkin_ws/src/tas_car/tas_car_04/simple_navigation_goals-build/CMakeFiles/CMakeTmp/CMakeFiles 1
Building C object CMakeFiles/cmTryCompileExec2108472629.dir/CheckFunctionExists.c.o
/usr/bin/cc   -DCHECK_FUNCTION_EXISTS=pthread_create   -o CMakeFiles/cmTryCompileExec2108472629.dir/CheckFunctionExists.c.o   -c /usr/share/cmake-2.8/Modules/CheckFunctionExists.c
Linking C executable cmTryCompileExec2108472629
/usr/bin/cmake -E cmake_link_script CMakeFiles/cmTryCompileExec2108472629.dir/link.txt --verbose=1
/usr/bin/cc   -DCHECK_FUNCTION_EXISTS=pthread_create    CMakeFiles/cmTryCompileExec2108472629.dir/CheckFunctionExists.c.o  -o cmTryCompileExec2108472629 -rdynamic -lpthreads 
/usr/bin/ld: cannot find -lpthreads
collect2: error: ld returned 1 exit status
make[1]: *** [cmTryCompileExec2108472629] Error 1
make[1]: Leaving directory `/home/mustafasezer/catkin_ws/src/tas_car/tas_car_04/simple_navigation_goals-build/CMakeFiles/CMakeTmp'
make: *** [cmTryCompileExec2108472629/fast] Error 2


Determining if the Q_WS_WIN exist failed with the following output:
Change Dir: /home/mustafasezer/catkin_ws/src/tas_car/tas_car_04/simple_navigation_goals-build/CMakeFiles/CMakeTmp

Run Build Command:/usr/bin/make "cmTryCompileExec2393372071/fast"
make[1]: Entering directory `/home/mustafasezer/catkin_ws/src/tas_car/tas_car_04/simple_navigation_goals-build/CMakeFiles/CMakeTmp'
/usr/bin/make -f CMakeFiles/cmTryCompileExec2393372071.dir/build.make CMakeFiles/cmTryCompileExec2393372071.dir/build
make[2]: Entering directory `/home/mustafasezer/catkin_ws/src/tas_car/tas_car_04/simple_navigation_goals-build/CMakeFiles/CMakeTmp'
/usr/bin/cmake -E cmake_progress_report /home/mustafasezer/catkin_ws/src/tas_car/tas_car_04/simple_navigation_goals-build/CMakeFiles/CMakeTmp/CMakeFiles 1
Building CXX object CMakeFiles/cmTryCompileExec2393372071.dir/CheckSymbolExists.cxx.o
/usr/bin/c++    -I/usr/include/qt4    -o CMakeFiles/cmTryCompileExec2393372071.dir/CheckSymbolExists.cxx.o -c /home/mustafasezer/catkin_ws/src/tas_car/tas_car_04/simple_navigation_goals-build/CMakeFiles/CMakeTmp/CheckSymbolExists.cxx
/home/mustafasezer/catkin_ws/src/tas_car/tas_car_04/simple_navigation_goals-build/CMakeFiles/CMakeTmp/CheckSymbolExists.cxx: In function 'int main(int, char**)':
/home/mustafasezer/catkin_ws/src/tas_car/tas_car_04/simple_navigation_goals-build/CMakeFiles/CMakeTmp/CheckSymbolExists.cxx:8:19: error: 'Q_WS_WIN' was not declared in this scope
   return ((int*)(&Q_WS_WIN))[argc];
                   ^
make[2]: *** [CMakeFiles/cmTryCompileExec2393372071.dir/CheckSymbolExists.cxx.o] Error 1
make[2]: Leaving directory `/home/mustafasezer/catkin_ws/src/tas_car/tas_car_04/simple_navigation_goals-build/CMakeFiles/CMakeTmp'
make[1]: *** [cmTryCompileExec2393372071/fast] Error 2
make[1]: Leaving directory `/home/mustafasezer/catkin_ws/src/tas_car/tas_car_04/simple_navigation_goals-build/CMakeFiles/CMakeTmp'

File /home/mustafasezer/catkin_ws/src/tas_car/tas_car_04/simple_navigation_goals-build/CMakeFiles/CMakeTmp/CheckSymbolExists.cxx:
/* */
#include <QtCore/qglobal.h>

int main(int argc, char** argv)
{
  (void)argv;
#ifndef Q_WS_WIN
  return ((int*)(&Q_WS_WIN))[argc];
#else
  (void)argc;
  return 0;
#endif
}

Determining if the Q_WS_QWS exist failed with the following output:
Change Dir: /home/mustafasezer/catkin_ws/src/tas_car/tas_car_04/simple_navigation_goals-build/CMakeFiles/CMakeTmp

Run Build Command:/usr/bin/make "cmTryCompileExec4170558783/fast"
make[1]: Entering directory `/home/mustafasezer/catkin_ws/src/tas_car/tas_car_04/simple_navigation_goals-build/CMakeFiles/CMakeTmp'
/usr/bin/make -f CMakeFiles/cmTryCompileExec4170558783.dir/build.make CMakeFiles/cmTryCompileExec4170558783.dir/build
make[2]: Entering directory `/home/mustafasezer/catkin_ws/src/tas_car/tas_car_04/simple_navigation_goals-build/CMakeFiles/CMakeTmp'
/usr/bin/cmake -E cmake_progress_report /home/mustafasezer/catkin_ws/src/tas_car/tas_car_04/simple_navigation_goals-build/CMakeFiles/CMakeTmp/CMakeFiles 1
Building CXX object CMakeFiles/cmTryCompileExec4170558783.dir/CheckSymbolExists.cxx.o
/usr/bin/c++    -I/usr/include/qt4    -o CMakeFiles/cmTryCompileExec4170558783.dir/CheckSymbolExists.cxx.o -c /home/mustafasezer/catkin_ws/src/tas_car/tas_car_04/simple_navigation_goals-build/CMakeFiles/CMakeTmp/CheckSymbolExists.cxx
/home/mustafasezer/catkin_ws/src/tas_car/tas_car_04/simple_navigation_goals-build/CMakeFiles/CMakeTmp/CheckSymbolExists.cxx: In function 'int main(int, char**)':
/home/mustafasezer/catkin_ws/src/tas_car/tas_car_04/simple_navigation_goals-build/CMakeFiles/CMakeTmp/CheckSymbolExists.cxx:8:19: error: 'Q_WS_QWS' was not declared in this scope
   return ((int*)(&Q_WS_QWS))[argc];
                   ^
make[2]: *** [CMakeFiles/cmTryCompileExec4170558783.dir/CheckSymbolExists.cxx.o] Error 1
make[2]: Leaving directory `/home/mustafasezer/catkin_ws/src/tas_car/tas_car_04/simple_navigation_goals-build/CMakeFiles/CMakeTmp'
make[1]: *** [cmTryCompileExec4170558783/fast] Error 2
make[1]: Leaving directory `/home/mustafasezer/catkin_ws/src/tas_car/tas_car_04/simple_navigation_goals-build/CMakeFiles/CMakeTmp'

File /home/mustafasezer/catkin_ws/src/tas_car/tas_car_04/simple_navigation_goals-build/CMakeFiles/CMakeTmp/CheckSymbolExists.cxx:
/* */
#include <QtCore/qglobal.h>

int main(int argc, char** argv)
{
  (void)argv;
#ifndef Q_WS_QWS
  return ((int*)(&Q_WS_QWS))[argc];
#else
  (void)argc;
  return 0;
#endif
}

Determining if the Q_WS_MAC exist failed with the following output:
Change Dir: /home/mustafasezer/catkin_ws/src/tas_car/tas_car_04/simple_navigation_goals-build/CMakeFiles/CMakeTmp

Run Build Command:/usr/bin/make "cmTryCompileExec4159182048/fast"
make[1]: Entering directory `/home/mustafasezer/catkin_ws/src/tas_car/tas_car_04/simple_navigation_goals-build/CMakeFiles/CMakeTmp'
/usr/bin/make -f CMakeFiles/cmTryCompileExec4159182048.dir/build.make CMakeFiles/cmTryCompileExec4159182048.dir/build
make[2]: Entering directory `/home/mustafasezer/catkin_ws/src/tas_car/tas_car_04/simple_navigation_goals-build/CMakeFiles/CMakeTmp'
/usr/bin/cmake -E cmake_progress_report /home/mustafasezer/catkin_ws/src/tas_car/tas_car_04/simple_navigation_goals-build/CMakeFiles/CMakeTmp/CMakeFiles 1
Building CXX object CMakeFiles/cmTryCompileExec4159182048.dir/CheckSymbolExists.cxx.o
/usr/bin/c++    -I/usr/include/qt4    -o CMakeFiles/cmTryCompileExec4159182048.dir/CheckSymbolExists.cxx.o -c /home/mustafasezer/catkin_ws/src/tas_car/tas_car_04/simple_navigation_goals-build/CMakeFiles/CMakeTmp/CheckSymbolExists.cxx
/home/mustafasezer/catkin_ws/src/tas_car/tas_car_04/simple_navigation_goals-build/CMakeFiles/CMakeTmp/CheckSymbolExists.cxx: In function 'int main(int, char**)':
/home/mustafasezer/catkin_ws/src/tas_car/tas_car_04/simple_navigation_goals-build/CMakeFiles/CMakeTmp/CheckSymbolExists.cxx:8:19: error: 'Q_WS_MAC' was not declared in this scope
   return ((int*)(&Q_WS_MAC))[argc];
                   ^
make[2]: *** [CMakeFiles/cmTryCompileExec4159182048.dir/CheckSymbolExists.cxx.o] Error 1
make[2]: Leaving directory `/home/mustafasezer/catkin_ws/src/tas_car/tas_car_04/simple_navigation_goals-build/CMakeFiles/CMakeTmp'
make[1]: *** [cmTryCompileExec4159182048/fast] Error 2
make[1]: Leaving directory `/home/mustafasezer/catkin_ws/src/tas_car/tas_car_04/simple_navigation_goals-build/CMakeFiles/CMakeTmp'

File /home/mustafasezer/catkin_ws/src/tas_car/tas_car_04/simple_navigation_goals-build/CMakeFiles/CMakeTmp/CheckSymbolExists.cxx:
/* */
#include <QtCore/qglobal.h>

int main(int argc, char** argv)
{
  (void)argv;
#ifndef Q_WS_MAC
  return ((int*)(&Q_WS_MAC))[argc];
#else
  (void)argc;
  return 0;
#endif
}

